This is pdfTeX, Version 3.141592653-2.6-1.40.24 (TeX Live 2022) (preloaded format=pdflatex 2022.8.24)  28 OCT 2022 21:08
entering extended mode
 restricted \write18 enabled.
 file:line:error style messages enabled.
 %&-line parsing enabled.
**"/Users/niranjanaarunmenon/Desktop/Term 3 /Discrete Mathematics/term3-1081/week 7/lecture.tex"
(/Users/niranjanaarunmenon/Desktop/Term 3 /Discrete Mathematics/term3-1081/week 7/lecture.tex
LaTeX2e <2021-11-15> patch level 1
L3 programming layer <2022-02-24> (/usr/local/texlive/2022/texmf-dist/tex/latex/base/article.cls
Document Class: article 2021/10/04 v1.4n Standard LaTeX document class
(/usr/local/texlive/2022/texmf-dist/tex/latex/base/size10.clo
File: size10.clo 2021/10/04 v1.4n Standard LaTeX file (size option)
)
\c@part=\count185
\c@section=\count186
\c@subsection=\count187
\c@subsubsection=\count188
\c@paragraph=\count189
\c@subparagraph=\count190
\c@figure=\count191
\c@table=\count192
\abovecaptionskip=\skip47
\belowcaptionskip=\skip48
\bibindent=\dimen138
) (/usr/local/texlive/2022/texmf-dist/tex/latex/amsmath/amsmath.sty
Package: amsmath 2021/10/15 v2.17l AMS math features
\@mathmargin=\skip49

For additional information on amsmath, use the `?' option.
(/usr/local/texlive/2022/texmf-dist/tex/latex/amsmath/amstext.sty
Package: amstext 2021/08/26 v2.01 AMS text
 (/usr/local/texlive/2022/texmf-dist/tex/latex/amsmath/amsgen.sty
File: amsgen.sty 1999/11/30 v2.0 generic functions
\@emptytoks=\toks16
\ex@=\dimen139
)) (/usr/local/texlive/2022/texmf-dist/tex/latex/amsmath/amsbsy.sty
Package: amsbsy 1999/11/29 v1.2d Bold Symbols
\pmbraise@=\dimen140
) (/usr/local/texlive/2022/texmf-dist/tex/latex/amsmath/amsopn.sty
Package: amsopn 2021/08/26 v2.02 operator names
)
\inf@bad=\count193
LaTeX Info: Redefining \frac on input line 234.
\uproot@=\count194
\leftroot@=\count195
LaTeX Info: Redefining \overline on input line 399.
\classnum@=\count196
\DOTSCASE@=\count197
LaTeX Info: Redefining \ldots on input line 496.
LaTeX Info: Redefining \dots on input line 499.
LaTeX Info: Redefining \cdots on input line 620.
\Mathstrutbox@=\box50
\strutbox@=\box51
\big@size=\dimen141
LaTeX Font Info:    Redeclaring font encoding OML on input line 743.
LaTeX Font Info:    Redeclaring font encoding OMS on input line 744.
\macc@depth=\count198
\c@MaxMatrixCols=\count199
\dotsspace@=\muskip16
\c@parentequation=\count266
\dspbrk@lvl=\count267
\tag@help=\toks17
\row@=\count268
\column@=\count269
\maxfields@=\count270
\andhelp@=\toks18
\eqnshift@=\dimen142
\alignsep@=\dimen143
\tagshift@=\dimen144
\tagwidth@=\dimen145
\totwidth@=\dimen146
\lineht@=\dimen147
\@envbody=\toks19
\multlinegap=\skip50
\multlinetaggap=\skip51
\mathdisplay@stack=\toks20
LaTeX Info: Redefining \[ on input line 2938.
LaTeX Info: Redefining \] on input line 2939.
) (/usr/local/texlive/2022/texmf-dist/tex/latex/amscls/amsthm.sty
Package: amsthm 2020/05/29 v2.20.6
\thm@style=\toks21
\thm@bodyfont=\toks22
\thm@headfont=\toks23
\thm@notefont=\toks24
\thm@headpunct=\toks25
\thm@preskip=\skip52
\thm@postskip=\skip53
\thm@headsep=\skip54
\dth@everypar=\toks26
) (/usr/local/texlive/2022/texmf-dist/tex/latex/amsfonts/amsfonts.sty
Package: amsfonts 2013/01/14 v3.01 Basic AMSFonts support
\symAMSa=\mathgroup4
\symAMSb=\mathgroup5
LaTeX Font Info:    Redeclaring math symbol \hbar on input line 98.
LaTeX Font Info:    Overwriting math alphabet `\mathfrak' in version `bold'
(Font)                  U/euf/m/n --> U/euf/b/n on input line 106.
) (/usr/local/texlive/2022/texmf-dist/tex/latex/amsfonts/amssymb.sty
Package: amssymb 2013/01/14 v3.01 AMS font symbols
) (/usr/local/texlive/2022/texmf-dist/tex/latex/thmtools/thmtools.sty
Package: thmtools 2020/08/01 v0.72
\thmt@toks=\toks27
\c@thmt@dummyctr=\count271
 (/usr/local/texlive/2022/texmf-dist/tex/latex/thmtools/thm-patch.sty
Package: thm-patch 2020/08/01 v0.72
 (/usr/local/texlive/2022/texmf-dist/tex/latex/thmtools/parseargs.sty
Package: parseargs 2020/08/01 v0.72
\@parsespec=\toks28
)) (/usr/local/texlive/2022/texmf-dist/tex/latex/thmtools/thm-kv.sty
Package: thm-kv 2020/08/01 v0.72
Package thm-kv Info: Theorem names will be uppercased on input line 42.
 (/usr/local/texlive/2022/texmf-dist/tex/latex/graphics/keyval.sty
Package: keyval 2014/10/28 v1.15 key=value parser (DPC)
\KV@toks@=\toks29
) (/usr/local/texlive/2022/texmf-dist/tex/generic/kvsetkeys/kvsetkeys.sty
Package: kvsetkeys 2019/12/15 v1.18 Key value parser (HO)
)
Package thm-kv Info: kvsetkeys patch (v1.16 or later) on input line 158.
) (/usr/local/texlive/2022/texmf-dist/tex/latex/thmtools/thm-autoref.sty
Package: thm-autoref 2020/08/01 v0.72
 (/usr/local/texlive/2022/texmf-dist/tex/latex/thmtools/aliasctr.sty
Package: aliasctr 2020/08/01 v0.72
)) (/usr/local/texlive/2022/texmf-dist/tex/latex/thmtools/thm-listof.sty
Package: thm-listof 2020/08/01 v0.72
) (/usr/local/texlive/2022/texmf-dist/tex/latex/thmtools/thm-restate.sty
Package: thm-restate 2020/08/01 v0.72
) (/usr/local/texlive/2022/texmf-dist/tex/latex/thmtools/thm-amsthm.sty
Package: thm-amsthm 2020/08/01 v0.72
\thmt@style@headstyle=\toks30
)) (/usr/local/texlive/2022/texmf-dist/tex/latex/tools/bm.sty
Package: bm 2021/04/25 v1.2e Bold Symbol Support (DPC/FMi)
\symboldoperators=\mathgroup6
\symboldletters=\mathgroup7
\symboldsymbols=\mathgroup8
Package bm Info: No bold for \OMX/cmex/m/n, using \pmb.
Package bm Info: No bold for \U/msa/m/n, using \pmb.
Package bm Info: No bold for \U/msb/m/n, using \pmb.
LaTeX Font Info:    Redeclaring math alphabet \mathbf on input line 149.
) (/usr/local/texlive/2022/texmf-dist/tex/latex/tabto-ltx/tabto.sty
Package: tabto 2018/12/28  v 1.4  Another tabbing mechanism
\CurrentLineWidth=\dimen148
\TabPrevPos=\dimen149
)
\c@theorem=\count272
 (/usr/local/texlive/2022/texmf-dist/tex/latex/l3backend/l3backend-pdftex.def
File: l3backend-pdftex.def 2022-02-07 L3 backend support: PDF output (pdfTeX)
\l__color_backend_stack_int=\count273
\l__pdf_internal_box=\box52
) (./lecture.aux)
\openout1 = `lecture.aux'.

LaTeX Font Info:    Checking defaults for OML/cmm/m/it on input line 12.
LaTeX Font Info:    ... okay on input line 12.
LaTeX Font Info:    Checking defaults for OMS/cmsy/m/n on input line 12.
LaTeX Font Info:    ... okay on input line 12.
LaTeX Font Info:    Checking defaults for OT1/cmr/m/n on input line 12.
LaTeX Font Info:    ... okay on input line 12.
LaTeX Font Info:    Checking defaults for T1/cmr/m/n on input line 12.
LaTeX Font Info:    ... okay on input line 12.
LaTeX Font Info:    Checking defaults for TS1/cmr/m/n on input line 12.
LaTeX Font Info:    ... okay on input line 12.
LaTeX Font Info:    Checking defaults for OMX/cmex/m/n on input line 12.
LaTeX Font Info:    ... okay on input line 12.
LaTeX Font Info:    Checking defaults for U/cmr/m/n on input line 12.
LaTeX Font Info:    ... okay on input line 12.
LaTeX Font Info:    Trying to load font information for U+msa on input line 13.
 (/usr/local/texlive/2022/texmf-dist/tex/latex/amsfonts/umsa.fd
File: umsa.fd 2013/01/14 v3.01 AMS symbols A
)
LaTeX Font Info:    Trying to load font information for U+msb on input line 13.
 (/usr/local/texlive/2022/texmf-dist/tex/latex/amsfonts/umsb.fd
File: umsb.fd 2013/01/14 v3.01 AMS symbols B
) (./lecture.toc [1

{/usr/local/texlive/2022/texmf-var/fonts/map/pdftex/updmap/pdftex.map}])
\tf@toc=\write3
\openout3 = `lecture.toc'.

 [2] [3]
Underfull \hbox (badness 10000) in paragraph at lines 24--67

 []


Overfull \hbox (7.27942pt too wide) in paragraph at lines 24--67
\OT1/cmr/m/n/10 2. For ex-am-ple, if A is a set of all in-te-gers; $\OMS/cmsy/m/n/10 f[]g$ \OT1/cmr/m/n/10 = $\OMS/cmsy/m/n/10 f\OML/cmm/m/it/10 n \OMS/cmsy/m/n/10 2 \U/msb/m/n/10 R\OMS/cmsy/m/n/10 j[]g$\OT1/cmr/m/n/10 . 
 []


Underfull \hbox (badness 10000) in paragraph at lines 24--67

 []


Underfull \hbox (badness 10000) in paragraph at lines 24--67

 []


Underfull \hbox (badness 10000) in paragraph at lines 24--67

 []


Underfull \hbox (badness 10000) in paragraph at lines 24--67

 []

[4]
Underfull \hbox (badness 10000) in paragraph at lines 69--89

 []

[5]
Underfull \hbox (badness 10000) in paragraph at lines 91--124

 []


Underfull \hbox (badness 10000) in paragraph at lines 91--124

 []


Underfull \hbox (badness 10000) in paragraph at lines 91--124

 []


Underfull \hbox (badness 10000) in paragraph at lines 91--124

 []


Underfull \hbox (badness 10000) in paragraph at lines 91--124

 []


Underfull \hbox (badness 10000) in paragraph at lines 91--124

 []


Underfull \hbox (badness 10000) in paragraph at lines 91--124

 []


Underfull \hbox (badness 10000) in paragraph at lines 91--124

 []

[6]
Underfull \hbox (badness 10000) in paragraph at lines 126--138

 []


Underfull \hbox (badness 10000) in paragraph at lines 126--138

 []


Underfull \hbox (badness 10000) in paragraph at lines 126--138

 []

[7]
Underfull \hbox (badness 10000) in paragraph at lines 140--173

 []


Overfull \hbox (189.7454pt too wide) in paragraph at lines 140--173
[] 
 []


Underfull \hbox (badness 10000) in paragraph at lines 140--173

 []


Underfull \hbox (badness 10000) in paragraph at lines 140--173

 []

[8]
Underfull \hbox (badness 10000) in paragraph at lines 175--177

 []

[9]
Underfull \hbox (badness 10000) in paragraph at lines 194--198

 []


Underfull \hbox (badness 10000) in paragraph at lines 194--198

 []

[10]
Underfull \hbox (badness 10000) in paragraph at lines 204--218

 []

[11]
Underfull \hbox (badness 10000) in paragraph at lines 220--235

 []


Underfull \hbox (badness 10000) in paragraph at lines 220--235

 []


Underfull \hbox (badness 10000) in paragraph at lines 220--235

 []


Underfull \hbox (badness 10000) in paragraph at lines 220--235

 []


Underfull \hbox (badness 10000) in paragraph at lines 235--243

 []


Underfull \hbox (badness 10000) in paragraph at lines 235--243

 []

[12]
Underfull \hbox (badness 10000) in paragraph at lines 246--289

 []


Underfull \hbox (badness 10000) in paragraph at lines 246--289

 []


Underfull \hbox (badness 10000) in paragraph at lines 246--289

 []


Underfull \hbox (badness 10000) in paragraph at lines 246--289

 []


Underfull \hbox (badness 10000) in paragraph at lines 246--289

 []


Underfull \hbox (badness 10000) in paragraph at lines 246--289

 []


Underfull \hbox (badness 10000) in paragraph at lines 246--289

 []


Underfull \hbox (badness 10000) in paragraph at lines 246--289

 []


Underfull \hbox (badness 10000) in paragraph at lines 246--289

 []


Underfull \hbox (badness 10000) in paragraph at lines 246--289

 []

[13]
Underfull \hbox (badness 10000) in paragraph at lines 291--304

 []


Underfull \hbox (badness 10000) in paragraph at lines 291--304

 []


Underfull \hbox (badness 10000) in paragraph at lines 291--304

 []


Underfull \hbox (badness 10000) in paragraph at lines 291--304

 []

[14]
Underfull \hbox (badness 10000) in paragraph at lines 306--327

 []


Underfull \hbox (badness 10000) in paragraph at lines 306--327

 []


Underfull \hbox (badness 10000) in paragraph at lines 306--327

 []


Underfull \hbox (badness 10000) in paragraph at lines 306--327

 []


Underfull \hbox (badness 10000) in paragraph at lines 306--327

 []

[15]
Underfull \hbox (badness 10000) in paragraph at lines 329--349

 []


Underfull \hbox (badness 10000) in paragraph at lines 329--349

 []


Underfull \hbox (badness 10000) in paragraph at lines 329--349

 []


Overfull \hbox (24.41357pt too wide) in paragraph at lines 329--349
\OT1/cmr/bx/n/10 Ex-am-ple: Take sets $\OML/cmm/m/it/10 X \OT1/cmr/m/n/10 = \OMS/cmsy/m/n/10 f[]g\OML/cmm/m/it/10 ; Y \OT1/cmr/m/n/10 = \OMS/cmsy/m/n/10 f\OT1/cmr/m/n/10 0\OML/cmm/m/it/10 ; \OT1/cmr/m/n/10 1\OML/cmm/m/it/10 ; [] ; \OT1/cmr/m/n/10 100\OMS/cmsy/m/n/10 g\OML/cmm/m/it/10 ; Z \OT1/cmr/m/n/10 =
 []


Underfull \hbox (badness 10000) in paragraph at lines 329--349

 []


Underfull \hbox (badness 10000) in paragraph at lines 329--349

 []

[16]
Underfull \hbox (badness 10000) in paragraph at lines 351--373

 []


Underfull \hbox (badness 10000) in paragraph at lines 351--373

 []


Underfull \hbox (badness 10000) in paragraph at lines 351--373

 []


Underfull \hbox (badness 10000) in paragraph at lines 351--373

 []


Underfull \hbox (badness 10000) in paragraph at lines 351--373

 []


Underfull \hbox (badness 10000) in paragraph at lines 351--373

 []

[17]
Underfull \hbox (badness 10000) in paragraph at lines 375--384

 []


Underfull \hbox (badness 10000) in paragraph at lines 375--384

 []


Underfull \hbox (badness 10000) in paragraph at lines 375--384

 []


Underfull \hbox (badness 10000) in paragraph at lines 375--384

 []

[18]
Underfull \hbox (badness 10000) in paragraph at lines 394--428

 []


Underfull \hbox (badness 10000) in paragraph at lines 394--428

 []


Underfull \hbox (badness 10000) in paragraph at lines 394--428

 []


Underfull \hbox (badness 10000) in paragraph at lines 394--428

 []


Underfull \hbox (badness 10000) in paragraph at lines 394--428

 []

[19]
Underfull \hbox (badness 10000) in paragraph at lines 430--435

 []


Underfull \hbox (badness 10000) in paragraph at lines 435--462

 []


Underfull \hbox (badness 10000) in paragraph at lines 435--462

 []


Underfull \hbox (badness 10000) in paragraph at lines 435--462

 []


Underfull \hbox (badness 10000) in paragraph at lines 435--462

 []

[20]
Underfull \hbox (badness 10000) in paragraph at lines 470--493

 []


Underfull \hbox (badness 10000) in paragraph at lines 470--493

 []


Underfull \hbox (badness 10000) in paragraph at lines 470--493

 []


Underfull \hbox (badness 10000) in paragraph at lines 470--493

 []


Underfull \hbox (badness 10000) in paragraph at lines 470--493

 []


Overfull \hbox (3.20758pt too wide) detected at line 494
\OT1/cmr/m/n/10 2)[]\OML/cmm/m/it/10 a[]c[]b[]c[]l \OMS/cmsy/m/n/10 ^^T \OML/cmm/m/it/10 c[]a[]b:
 []


Underfull \hbox (badness 10000) in paragraph at lines 494--503

 []


Underfull \hbox (badness 10000) in paragraph at lines 494--503

 []

[21]
Underfull \hbox (badness 10000) in paragraph at lines 505--513

 []


Underfull \hbox (badness 10000) in paragraph at lines 505--513

 []


Underfull \hbox (badness 10000) in paragraph at lines 513--517

 []

[22]
Underfull \hbox (badness 10000) in paragraph at lines 519--539

 []


Underfull \hbox (badness 10000) in paragraph at lines 519--539

 []


Underfull \hbox (badness 10000) in paragraph at lines 519--539

 []


Underfull \hbox (badness 10000) in paragraph at lines 519--539

 []


Underfull \hbox (badness 10000) in paragraph at lines 545--577

 []


Underfull \hbox (badness 10000) in paragraph at lines 545--577

 []


Underfull \hbox (badness 10000) in paragraph at lines 545--577

 []


Underfull \hbox (badness 10000) in paragraph at lines 545--577

 []


Overfull \hbox (119.7285pt too wide) in paragraph at lines 545--577
[] 
 []


Underfull \hbox (badness 10000) in paragraph at lines 545--577

 []

[23] [24]
Underfull \hbox (badness 10000) in paragraph at lines 579--585

 []


Underfull \hbox (badness 10000) in paragraph at lines 585--605

 []


Underfull \hbox (badness 10000) in paragraph at lines 585--605

 []


Underfull \hbox (badness 10000) in paragraph at lines 609--618

 []

[25]
Underfull \hbox (badness 10000) in paragraph at lines 620--638

 []


Underfull \hbox (badness 10000) in paragraph at lines 620--638

 []


Underfull \hbox (badness 10000) in paragraph at lines 620--638

 []

[26]
Underfull \hbox (badness 10000) in paragraph at lines 640--704

 []


Underfull \hbox (badness 10000) in paragraph at lines 640--704

 []


Underfull \hbox (badness 10000) in paragraph at lines 640--704

 []


Underfull \hbox (badness 10000) in paragraph at lines 640--704

 []


Underfull \hbox (badness 10000) in paragraph at lines 640--704

 []


Underfull \hbox (badness 10000) in paragraph at lines 640--704

 []


Underfull \hbox (badness 10000) in paragraph at lines 640--704

 []


Underfull \hbox (badness 10000) in paragraph at lines 640--704

 []


Underfull \hbox (badness 10000) in paragraph at lines 640--704

 []


Underfull \hbox (badness 10000) in paragraph at lines 640--704

 []


Underfull \hbox (badness 10000) in paragraph at lines 640--704

 []


Underfull \hbox (badness 10000) in paragraph at lines 640--704

 []


Underfull \hbox (badness 10000) in paragraph at lines 640--704

 []


Underfull \hbox (badness 10000) in paragraph at lines 640--704

 []


Underfull \hbox (badness 10000) in paragraph at lines 640--704

 []

[27] [28]
Underfull \hbox (badness 10000) in paragraph at lines 706--771

 []


Underfull \hbox (badness 10000) in paragraph at lines 706--771

 []


Underfull \hbox (badness 10000) in paragraph at lines 706--771

 []


Underfull \hbox (badness 10000) in paragraph at lines 706--771

 []


Underfull \hbox (badness 10000) in paragraph at lines 706--771

 []


Underfull \hbox (badness 10000) in paragraph at lines 706--771

 []


Underfull \hbox (badness 10000) in paragraph at lines 706--771

 []


Underfull \hbox (badness 10000) in paragraph at lines 706--771

 []


Underfull \hbox (badness 10000) in paragraph at lines 706--771

 []


Overfull \hbox (18.27368pt too wide) in paragraph at lines 706--771
[] 
 []


Underfull \hbox (badness 10000) in paragraph at lines 706--771

 []


Underfull \hbox (badness 10000) in paragraph at lines 706--771

 []


Underfull \hbox (badness 10000) in paragraph at lines 706--771

 []


Underfull \hbox (badness 10000) in paragraph at lines 706--771

 []


Overfull \hbox (30.8976pt too wide) in paragraph at lines 706--771
[] 
 []


Underfull \hbox (badness 10000) in paragraph at lines 706--771

 []


Underfull \hbox (badness 10000) in paragraph at lines 706--771

 []


Underfull \hbox (badness 10000) in paragraph at lines 706--771

 []

[29]
Underfull \hbox (badness 10000) in paragraph at lines 773--815

 []


Underfull \hbox (badness 10000) in paragraph at lines 773--815

 []


Underfull \hbox (badness 10000) in paragraph at lines 773--815

 []


Underfull \hbox (badness 10000) in paragraph at lines 773--815

 []


Underfull \hbox (badness 10000) in paragraph at lines 773--815

 []


Underfull \hbox (badness 10000) in paragraph at lines 773--815

 []


Underfull \hbox (badness 10000) in paragraph at lines 773--815

 []


Underfull \hbox (badness 10000) in paragraph at lines 773--815

 []


Underfull \hbox (badness 10000) in paragraph at lines 773--815

 []


Underfull \hbox (badness 10000) in paragraph at lines 773--815

 []


Underfull \hbox (badness 10000) in paragraph at lines 773--815

 []

[30]
Underfull \hbox (badness 10000) in paragraph at lines 817--898

 []


Underfull \hbox (badness 10000) in paragraph at lines 817--898

 []


Underfull \hbox (badness 10000) in paragraph at lines 817--898

 []


Underfull \hbox (badness 10000) in paragraph at lines 817--898

 []


Underfull \hbox (badness 10000) in paragraph at lines 817--898

 []


Underfull \hbox (badness 10000) in paragraph at lines 817--898

 []


Underfull \hbox (badness 10000) in paragraph at lines 817--898

 []


Underfull \hbox (badness 10000) in paragraph at lines 817--898

 []


Underfull \hbox (badness 10000) in paragraph at lines 817--898

 []


Underfull \hbox (badness 10000) in paragraph at lines 817--898

 []


Underfull \hbox (badness 10000) in paragraph at lines 817--898

 []


Underfull \hbox (badness 10000) in paragraph at lines 817--898

 []


Underfull \hbox (badness 10000) in paragraph at lines 817--898

 []


Underfull \hbox (badness 10000) in paragraph at lines 817--898

 []

[31] [32]
Overfull \hbox (1.30618pt too wide) in paragraph at lines 901--922
\OT1/cmr/m/n/10 Mathematical proof: con-sists of log-i-cal de-duc-tion on the ba-sis of agreed premises.
 []


Underfull \hbox (badness 10000) in paragraph at lines 901--922

 []


Underfull \hbox (badness 10000) in paragraph at lines 901--922

 []


Underfull \hbox (badness 10000) in paragraph at lines 901--922

 []

[33]
Underfull \hbox (badness 10000) in paragraph at lines 924--939

 []


Underfull \hbox (badness 10000) in paragraph at lines 924--939

 []


Overfull \hbox (69.88402pt too wide) in paragraph at lines 943--949
[] 
 []


Underfull \hbox (badness 10000) in paragraph at lines 943--949

 []

[34]
Underfull \hbox (badness 10000) in paragraph at lines 960--981

 []


Underfull \hbox (badness 10000) in paragraph at lines 960--981

 []


Underfull \hbox (badness 10000) in paragraph at lines 960--981

 []

[35]
Underfull \hbox (badness 10000) in paragraph at lines 984--997

 []


Underfull \hbox (badness 10000) in paragraph at lines 984--997

 []


Underfull \hbox (badness 10000) in paragraph at lines 984--997

 []


Underfull \hbox (badness 10000) in paragraph at lines 999--1027

 []


Underfull \hbox (badness 10000) in paragraph at lines 999--1027

 []

[36]
Underfull \hbox (badness 10000) in paragraph at lines 1029--1045

 []

[37]
Underfull \hbox (badness 10000) in paragraph at lines 1063--1102

 []


Underfull \hbox (badness 10000) in paragraph at lines 1063--1102

 []


Underfull \hbox (badness 10000) in paragraph at lines 1063--1102

 []


Underfull \hbox (badness 10000) in paragraph at lines 1063--1102

 []

[38]
Underfull \hbox (badness 10000) in paragraph at lines 1104--1153

 []


Underfull \hbox (badness 10000) in paragraph at lines 1104--1153

 []


Overfull \hbox (76.69028pt too wide) in paragraph at lines 1104--1153
[] 
 []


Underfull \hbox (badness 10000) in paragraph at lines 1104--1153

 []


Underfull \hbox (badness 10000) in paragraph at lines 1104--1153

 []


Underfull \hbox (badness 10000) in paragraph at lines 1104--1153

 []


Underfull \hbox (badness 10000) in paragraph at lines 1104--1153

 []


Underfull \hbox (badness 10000) in paragraph at lines 1104--1153

 []


Underfull \hbox (badness 10000) in paragraph at lines 1104--1153

 []


Underfull \hbox (badness 10000) in paragraph at lines 1104--1153

 []


Overfull \hbox (44.38394pt too wide) in paragraph at lines 1104--1153
[] 
 []


Underfull \hbox (badness 10000) in paragraph at lines 1104--1153

 []


Underfull \hbox (badness 10000) in paragraph at lines 1104--1153

 []


Underfull \hbox (badness 10000) in paragraph at lines 1104--1153

 []


Underfull \hbox (badness 10000) in paragraph at lines 1156--1170

 []

[39]
Underfull \hbox (badness 10000) in paragraph at lines 1172--1224

 []


Overfull \hbox (111.46738pt too wide) in paragraph at lines 1172--1224
[] 
 []


Underfull \hbox (badness 10000) in paragraph at lines 1172--1224

 []


Underfull \hbox (badness 10000) in paragraph at lines 1172--1224

 []


Underfull \hbox (badness 10000) in paragraph at lines 1172--1224

 []


Underfull \hbox (badness 10000) in paragraph at lines 1172--1224

 []


Underfull \hbox (badness 10000) in paragraph at lines 1172--1224

 []


Underfull \hbox (badness 10000) in paragraph at lines 1172--1224

 []


Underfull \hbox (badness 10000) in paragraph at lines 1172--1224

 []


Underfull \hbox (badness 10000) in paragraph at lines 1172--1224

 []

[40]
Underfull \hbox (badness 10000) in paragraph at lines 1226--1278

 []


Underfull \hbox (badness 10000) in paragraph at lines 1226--1278

 []


Underfull \hbox (badness 10000) in paragraph at lines 1226--1278

 []


Underfull \hbox (badness 10000) in paragraph at lines 1226--1278

 []


Underfull \hbox (badness 10000) in paragraph at lines 1226--1278

 []


Underfull \hbox (badness 10000) in paragraph at lines 1226--1278

 []


Underfull \hbox (badness 10000) in paragraph at lines 1226--1278

 []


Underfull \hbox (badness 10000) in paragraph at lines 1226--1278

 []


Underfull \hbox (badness 10000) in paragraph at lines 1226--1278

 []


Underfull \hbox (badness 10000) in paragraph at lines 1226--1278

 []

[41]
Underfull \hbox (badness 10000) in paragraph at lines 1280--1305

 []


Underfull \hbox (badness 10000) in paragraph at lines 1280--1305

 []


Underfull \hbox (badness 10000) in paragraph at lines 1280--1305

 []


Underfull \hbox (badness 10000) in paragraph at lines 1307--1315

 []


Overfull \hbox (4.4011pt too wide) in paragraph at lines 1307--1315
[] 
 []


Underfull \hbox (badness 10000) in paragraph at lines 1307--1315

 []


Underfull \hbox (badness 10000) in paragraph at lines 1307--1315

 []


Underfull \hbox (badness 10000) in paragraph at lines 1319--1332

 []

[42]
Underfull \hbox (badness 10000) in paragraph at lines 1344--1347

 []


Underfull \hbox (badness 10000) in paragraph at lines 1352--1364

 []

[43]
Underfull \hbox (badness 10000) in paragraph at lines 1369--1374

 []


Underfull \hbox (badness 10000) in paragraph at lines 1376--1395

 []


Underfull \hbox (badness 10000) in paragraph at lines 1376--1395

 []


Underfull \hbox (badness 10000) in paragraph at lines 1376--1395

 []

[44]
Underfull \hbox (badness 10000) in paragraph at lines 1397--1443

 []


Underfull \hbox (badness 10000) in paragraph at lines 1397--1443

 []


Underfull \hbox (badness 10000) in paragraph at lines 1397--1443

 []


Underfull \hbox (badness 10000) in paragraph at lines 1397--1443

 []


Underfull \hbox (badness 10000) in paragraph at lines 1397--1443

 []


Underfull \hbox (badness 10000) in paragraph at lines 1397--1443

 []


Underfull \hbox (badness 10000) in paragraph at lines 1397--1443

 []

[45]
Underfull \hbox (badness 10000) in paragraph at lines 1445--1485

 []


Underfull \hbox (badness 10000) in paragraph at lines 1445--1485

 []


Underfull \hbox (badness 10000) in paragraph at lines 1445--1485

 []


Underfull \hbox (badness 10000) in paragraph at lines 1445--1485

 []


Underfull \hbox (badness 10000) in paragraph at lines 1445--1485

 []


Underfull \hbox (badness 10000) in paragraph at lines 1445--1485

 []


Underfull \hbox (badness 10000) in paragraph at lines 1445--1485

 []

[46]
Underfull \hbox (badness 10000) in paragraph at lines 1487--1515

 []


Underfull \hbox (badness 10000) in paragraph at lines 1487--1515

 []


Underfull \hbox (badness 10000) in paragraph at lines 1487--1515

 []


Underfull \hbox (badness 10000) in paragraph at lines 1487--1515

 []


Underfull \hbox (badness 10000) in paragraph at lines 1487--1515

 []


Underfull \hbox (badness 10000) in paragraph at lines 1487--1515

 []


Underfull \hbox (badness 10000) in paragraph at lines 1487--1515

 []


Underfull \hbox (badness 10000) in paragraph at lines 1523--1536

 []


Underfull \hbox (badness 10000) in paragraph at lines 1523--1536

 []

[47]
Underfull \hbox (badness 10000) in paragraph at lines 1538--1576

 []


Underfull \hbox (badness 10000) in paragraph at lines 1538--1576

 []


Underfull \hbox (badness 10000) in paragraph at lines 1538--1576

 []


Underfull \hbox (badness 10000) in paragraph at lines 1538--1576

 []


Underfull \hbox (badness 10000) in paragraph at lines 1538--1576

 []


Underfull \hbox (badness 10000) in paragraph at lines 1538--1576

 []


Underfull \hbox (badness 10000) in paragraph at lines 1538--1576

 []

[48]
Underfull \hbox (badness 10000) in paragraph at lines 1578--1607

 []


Underfull \hbox (badness 10000) in paragraph at lines 1578--1607

 []


Underfull \hbox (badness 10000) in paragraph at lines 1578--1607

 []


Underfull \hbox (badness 10000) in paragraph at lines 1578--1607

 []

[49]
Underfull \hbox (badness 10000) in paragraph at lines 1609--1667

 []


Underfull \hbox (badness 10000) in paragraph at lines 1609--1667

 []


Underfull \hbox (badness 10000) in paragraph at lines 1609--1667

 []


Underfull \hbox (badness 10000) in paragraph at lines 1609--1667

 []


Underfull \hbox (badness 10000) in paragraph at lines 1609--1667

 []


Underfull \hbox (badness 10000) in paragraph at lines 1609--1667

 []


Underfull \hbox (badness 10000) in paragraph at lines 1609--1667

 []


Underfull \hbox (badness 10000) in paragraph at lines 1609--1667

 []


Underfull \hbox (badness 10000) in paragraph at lines 1609--1667

 []


Underfull \hbox (badness 10000) in paragraph at lines 1609--1667

 []


Underfull \hbox (badness 10000) in paragraph at lines 1609--1667

 []

[50]
Underfull \hbox (badness 10000) in paragraph at lines 1669--1721

 []


Underfull \hbox (badness 10000) in paragraph at lines 1669--1721

 []


Underfull \hbox (badness 10000) in paragraph at lines 1669--1721

 []


Underfull \hbox (badness 10000) in paragraph at lines 1669--1721

 []


Underfull \hbox (badness 10000) in paragraph at lines 1669--1721

 []


Underfull \hbox (badness 10000) in paragraph at lines 1669--1721

 []


Underfull \hbox (badness 10000) in paragraph at lines 1669--1721

 []


Underfull \hbox (badness 10000) in paragraph at lines 1669--1721

 []


Underfull \hbox (badness 10000) in paragraph at lines 1669--1721

 []


Underfull \hbox (badness 10000) in paragraph at lines 1669--1721

 []


Underfull \hbox (badness 10000) in paragraph at lines 1669--1721

 []

[51]
Underfull \hbox (badness 10000) in paragraph at lines 1730--1737

 []

[52]
Underfull \hbox (badness 10000) in paragraph at lines 1761--1777

 []


Underfull \hbox (badness 10000) in paragraph at lines 1761--1777

 []


Underfull \hbox (badness 10000) in paragraph at lines 1761--1777

 []


Underfull \hbox (badness 10000) in paragraph at lines 1761--1777

 []


Underfull \hbox (badness 10000) in paragraph at lines 1761--1777

 []


Underfull \hbox (badness 10000) in paragraph at lines 1777--1792

 []


Underfull \hbox (badness 10000) in paragraph at lines 1777--1792

 []


Underfull \hbox (badness 10000) in paragraph at lines 1777--1792

 []


Underfull \hbox (badness 10000) in paragraph at lines 1777--1792

 []

[53]
Underfull \hbox (badness 10000) in paragraph at lines 1794--1840

 []


Underfull \hbox (badness 10000) in paragraph at lines 1794--1840

 []


Underfull \hbox (badness 10000) in paragraph at lines 1794--1840

 []


Underfull \hbox (badness 10000) in paragraph at lines 1794--1840

 []


Underfull \hbox (badness 10000) in paragraph at lines 1794--1840

 []


Underfull \hbox (badness 10000) in paragraph at lines 1794--1840

 []


Underfull \hbox (badness 10000) in paragraph at lines 1794--1840

 []


Underfull \hbox (badness 10000) in paragraph at lines 1794--1840

 []


Underfull \hbox (badness 10000) in paragraph at lines 1794--1840

 []


Underfull \hbox (badness 10000) in paragraph at lines 1842--1858

 []


Underfull \hbox (badness 10000) in paragraph at lines 1842--1858

 []


Underfull \hbox (badness 10000) in paragraph at lines 1842--1858

 []


Underfull \hbox (badness 10000) in paragraph at lines 1842--1858

 []

[54]
Underfull \hbox (badness 10000) in paragraph at lines 1860--1864

 []

[55]
Underfull \hbox (badness 10000) in paragraph at lines 1867--1871

 []

[56]
Underfull \hbox (badness 10000) in paragraph at lines 1873--1917

 []


Underfull \hbox (badness 10000) in paragraph at lines 1873--1917

 []


Underfull \hbox (badness 10000) in paragraph at lines 1873--1917

 []


Underfull \hbox (badness 10000) in paragraph at lines 1873--1917

 []


Underfull \hbox (badness 10000) in paragraph at lines 1873--1917

 []


Underfull \hbox (badness 10000) in paragraph at lines 1873--1917

 []


Underfull \hbox (badness 10000) in paragraph at lines 1873--1917

 []


Underfull \hbox (badness 10000) in paragraph at lines 1873--1917

 []

[57]
Underfull \hbox (badness 10000) in paragraph at lines 1919--1930

 []


Underfull \hbox (badness 10000) in paragraph at lines 1919--1930

 []

[58]
Underfull \hbox (badness 10000) in paragraph at lines 1932--1976

 []


Underfull \hbox (badness 10000) in paragraph at lines 1932--1976

 []


Underfull \hbox (badness 10000) in paragraph at lines 1932--1976

 []


Underfull \hbox (badness 10000) in paragraph at lines 1932--1976

 []


Underfull \hbox (badness 10000) in paragraph at lines 1932--1976

 []


Underfull \hbox (badness 10000) in paragraph at lines 1932--1976

 []


Underfull \hbox (badness 10000) in paragraph at lines 1932--1976

 []

[59]
Underfull \hbox (badness 10000) in paragraph at lines 1978--1986

 []


Overfull \hbox (15.22362pt too wide) in paragraph at lines 1978--1986
\OT1/cmr/m/n/10 A three let-ter word can be thought of as a func-tion: $\OML/cmm/m/it/10 w \OT1/cmr/m/n/10 : \OMS/cmsy/m/n/10 f\OT1/cmr/m/n/10 1\OML/cmm/m/it/10 ; \OT1/cmr/m/n/10 2\OML/cmm/m/it/10 ; \OT1/cmr/m/n/10 3\OMS/cmsy/m/n/10 g ! f\OML/cmm/m/it/10 A; B; C; [] ; Z\OMS/cmsy/m/n/10 g\OML/cmm/m/it/10 :$
 []


Underfull \hbox (badness 10000) in paragraph at lines 1978--1986

 []


Underfull \hbox (badness 10000) in paragraph at lines 1978--1986

 []


Underfull \hbox (badness 10000) in paragraph at lines 1991--2015

 []


Underfull \hbox (badness 10000) in paragraph at lines 1991--2015

 []


Underfull \hbox (badness 10000) in paragraph at lines 1991--2015

 []


Underfull \hbox (badness 10000) in paragraph at lines 1991--2015

 []


Underfull \hbox (badness 10000) in paragraph at lines 1991--2015

 []

[60]
Underfull \hbox (badness 10000) in paragraph at lines 2017--2039

 []


Underfull \hbox (badness 10000) in paragraph at lines 2017--2039

 []


Underfull \hbox (badness 10000) in paragraph at lines 2017--2039

 []


Underfull \hbox (badness 10000) in paragraph at lines 2017--2039

 []


Overfull \hbox (10.80052pt too wide) in paragraph at lines 2039--2041
\OT1/cmr/bx/n/10 Theorem 8. \OT1/cmr/m/it/10 Re-ar-rang-ing dis-tinct ob-jects: Given fi-nite set $\OML/cmm/m/it/10 N$ \OT1/cmr/m/it/10 so that: $[]\OML/cmm/m/it/10 N[] \OT1/cmr/m/n/10 =
 []


Underfull \hbox (badness 10000) in paragraph at lines 2042--2058

 []


Underfull \hbox (badness 10000) in paragraph at lines 2042--2058

 []


Underfull \hbox (badness 10000) in paragraph at lines 2042--2058

 []


Underfull \hbox (badness 10000) in paragraph at lines 2042--2058

 []


Underfull \hbox (badness 10000) in paragraph at lines 2062--2066

 []


Underfull \hbox (badness 10000) in paragraph at lines 2066--2079

 []


Overfull \hbox (31.04861pt too wide) in paragraph at lines 2066--2079
\OT1/cmr/m/n/10 By in-duc-tion on $[]\OML/cmm/m/it/10 N[]; f[]N[] \OT1/cmr/m/n/10 = 1\OML/cmm/m/it/10 ;$ \OT1/cmr/m/n/10 then $[]\OML/cmm/m/it/10 R[] \OT1/cmr/m/n/10 = 1$ and $[][](\OML/cmm/m/it/10 R; N\OT1/cmr/m/n/10 )[] =
 []


Underfull \hbox (badness 10000) in paragraph at lines 2066--2079

 []


Underfull \hbox (badness 10000) in paragraph at lines 2066--2079

 []

[61]
Underfull \hbox (badness 10000) in paragraph at lines 2079--2100

 []


Underfull \hbox (badness 10000) in paragraph at lines 2079--2100

 []


Underfull \hbox (badness 10000) in paragraph at lines 2079--2100

 []


Underfull \hbox (badness 10000) in paragraph at lines 2079--2100

 []


Underfull \hbox (badness 10000) in paragraph at lines 2079--2100

 []


Underfull \hbox (badness 10000) in paragraph at lines 2079--2100

 []

[62] (./lecture.aux) ) 
Here is how much of TeX's memory you used:
 2585 strings out of 478268
 42399 string characters out of 5846347
 333749 words of memory out of 5000000
 20758 multiletter control sequences out of 15000+600000
 483412 words of font info for 79 fonts, out of 8000000 for 9000
 1141 hyphenation exceptions out of 8191
 55i,9n,62p,379b,216s stack positions out of 10000i,1000n,20000p,200000b,200000s
{/usr/local/texlive/2022/texmf-dist/fonts/enc/dvips/cm-super/cm-super-ts1.enc}</usr/local/texlive/2022/texmf-dist/fonts/type1/public/amsfonts/cm/cmbx10.pfb></usr/local/texlive/2022/texmf-dist/fonts/type1/public/amsfonts/cm/cmbx12.pfb></usr/local/texlive/2022/texmf-dist/fonts/type1/public/amsfonts/cm/cmex10.pfb></usr/local/texlive/2022/texmf-dist/fonts/type1/public/amsfonts/cm/cmmi10.pfb></usr/local/texlive/2022/texmf-dist/fonts/type1/public/amsfonts/cm/cmmi5.pfb></usr/local/texlive/2022/texmf-dist/fonts/type1/public/amsfonts/cm/cmmi7.pfb></usr/local/texlive/2022/texmf-dist/fonts/type1/public/amsfonts/cm/cmr10.pfb></usr/local/texlive/2022/texmf-dist/fonts/type1/public/amsfonts/cm/cmr12.pfb></usr/local/texlive/2022/texmf-dist/fonts/type1/public/amsfonts/cm/cmr17.pfb></usr/local/texlive/2022/texmf-dist/fonts/type1/public/amsfonts/cm/cmr5.pfb></usr/local/texlive/2022/texmf-dist/fonts/type1/public/amsfonts/cm/cmr7.pfb></usr/local/texlive/2022/texmf-dist/fonts/type1/public/amsfonts/cm/cmsy10.pfb></usr/local/texlive/2022/texmf-dist/fonts/type1/public/amsfonts/cm/cmsy7.pfb></usr/local/texlive/2022/texmf-dist/fonts/type1/public/amsfonts/cm/cmti10.pfb></usr/local/texlive/2022/texmf-dist/fonts/type1/public/amsfonts/symbols/msam10.pfb></usr/local/texlive/2022/texmf-dist/fonts/type1/public/amsfonts/symbols/msbm10.pfb></usr/local/texlive/2022/texmf-dist/fonts/type1/public/cm-super/sfrm1000.pfb>
Output written on lecture.pdf (62 pages, 307745 bytes).
PDF statistics:
 291 PDF objects out of 1000 (max. 8388607)
 191 compressed objects within 2 object streams
 0 named destinations out of 1000 (max. 500000)
 1 words of extra memory for PDF output out of 10000 (max. 10000000)

